\BOOKMARK [1][-]{section.1}{Distribution}{}% 1
\BOOKMARK [2][-]{subsection.1.1}{A\040naive\040understanding\040of\040Distribution}{section.1}% 2
\BOOKMARK [1][-]{section.2}{Boundary\040Value\040Problems\040of\040Higher\040order\040p}{}% 3
\BOOKMARK [1][-]{section.3}{Solvability\040Conditions}{}% 4
\BOOKMARK [1][-]{section.4}{Partial\040Boundary\040Value\040Problems\040General\040Notes}{}% 5
\BOOKMARK [2][-]{subsection.4.1}{Basic\040Quantities}{section.4}% 6
\BOOKMARK [2][-]{subsection.4.2}{Derivation\040of\040Green's\040Formula}{section.4}% 7
\BOOKMARK [1][-]{section.5}{PP\040330}{}% 8
\BOOKMARK [2][-]{subsection.5.1}{Step\0401:\040Find\040parametrization\040}{section.5}% 9
\BOOKMARK [2][-]{subsection.5.2}{Step\0402:\040Find\040a\040normal\040vector\040S}{section.5}% 10
\BOOKMARK [2][-]{subsection.5.3}{}{section.5}% 11
\BOOKMARK [1][-]{section.6}{PP\040366}{}% 12
\BOOKMARK [1][-]{section.7}{Method\040of\040Images}{}% 13
\BOOKMARK [1][-]{section.8}{Neumann\040Problem}{}% 14
\BOOKMARK [1][-]{section.9}{PP\040374}{}% 15
\BOOKMARK [1][-]{section.10}{HW5\040EX3}{}% 16
\BOOKMARK [1][-]{section.11}{HW5\040EX5}{}% 17
\BOOKMARK [1][-]{section.12}{HW6\040EX2}{}% 18
\BOOKMARK [1][-]{section.13}{Adjoint\040and\040direct\040boundary\040conditions\040for\040PDE}{}% 19
\BOOKMARK [1][-]{section.14}{How\040to\040solve\040these\040problems\040in\040Chpter\0404}{}% 20
\BOOKMARK [2][-]{subsection.14.1}{Solvability}{section.14}% 21
